
===================================================================
                          ANTARES 1.18.0
                    https://cerfacs.fr/antares
     Copyright 2012-2021, CERFACS. This software is licensed.
===================================================================

slurmstepd: error: *** JOB 14046845 ON nia0618 CANCELLED AT 2025-01-07T11:20:34 DUE TO TIME LIMIT ***

scontrol show job 14046845
JobId=14046845 JobName=extract_bl
   UserId=zzhou(3121872) GroupId=moreaust(6000332) MCS_label=N/A
   Priority=1494224 Nice=0 Account=rrg-moreaust-ac QOS=normal
   JobState=COMPLETING Reason=TimeLimit Dependency=(null)
   Requeue=0 Restarts=0 BatchFlag=1 Reboot=0 ExitCode=0:15
   RunTime=23:50:23 TimeLimit=23:50:00 TimeMin=N/A
   SubmitTime=2025-01-06T11:23:15 EligibleTime=2025-01-06T11:23:15
   AccrueTime=2025-01-06T11:23:15
   StartTime=2025-01-06T11:30:11 EndTime=2025-01-07T11:20:34 Deadline=N/A
   SuspendTime=None SecsPreSuspend=0 LastSchedEval=2025-01-06T11:30:11 Scheduler=Main
   Partition=compute AllocNode:Sid=nia-login05:234931
   ReqNodeList=(null) ExcNodeList=(null)
   NodeList=nia0618
   BatchHost=nia0618
   NumNodes=1 NumCPUs=80 NumTasks=10 CPUs/Task=1 ReqB:S:C:T=0:0:*:*
   ReqTRES=cpu=10,mem=175000M,node=1,billing=5
   AllocTRES=cpu=80,mem=175000M,node=1,billing=40
   Socks/Node=* NtasksPerN:B:S:C=10:0:*:* CoreSpec=*
   MinCPUsNode=10 MinMemoryNode=0 MinTmpDiskNode=0
   Features=[skylake|cascade] DelayBoot=00:00:00
   OverSubscribe=NO Contiguous=0 Licenses=(null) Network=(null)
   Command=/gpfs/fs0/scratch/m/moreaust/zzhou/Reference_DNS_1_voxel_resolution/postprocessing/extract_boundary_layer/read_boundary_layer/submit-python.sh
   WorkDir=/gpfs/fs0/scratch/m/moreaust/zzhou/Reference_DNS_1_voxel_resolution/postprocessing/extract_boundary_layer/read_boundary_layer
   Comment=/opt/slurm/bin/sbatch --export=NONE submit-python.sh 
   StdErr=/gpfs/fs0/scratch/m/moreaust/zzhou/Reference_DNS_1_voxel_resolution/postprocessing/extract_boundary_layer/read_boundary_layer/slurm-14046845.out
   StdIn=/dev/null
   StdOut=/gpfs/fs0/scratch/m/moreaust/zzhou/Reference_DNS_1_voxel_resolution/postprocessing/extract_boundary_layer/read_boundary_layer/slurm-14046845.out
   TresPerTask=cpu=1
   

sacct -j 14046845
JobID           JobName    Account    Elapsed  MaxVMSize     MaxRSS  SystemCPU    UserCPU ExitCode 
------------ ---------- ---------- ---------- ---------- ---------- ---------- ---------- -------- 
14046845     extract_bl rrg-morea+   23:50:23                        00:00.114  00:00.090      0:0 
14046845.ba+      batch rrg-morea+   23:50:24 256447544K 132742660K  00:00.114  00:00.089     0:15 
14046845.ex+     extern rrg-morea+   23:50:24    136828K      1032K   00:00:00   00:00:00      0:0 

kernel messages produced during job executions:
[Jan 6 17:49] CIFS PidTable: buckets 64
[  +0.005027] CIFS BufTable: buckets 64
[Jan 6 19:04] CIFS PidTable: buckets 64
[  +0.004999] CIFS BufTable: buckets 64
